<?xml version="1.0" encoding="UTF-8"?>
<testng-results ignored="0" total="1" passed="1" failed="0" skipped="0">
  <reporter-output>
  </reporter-output>
  <suite started-at="2023-05-17T18:28:41 IST" name="Default suite" finished-at="2023-05-17T18:28:46 IST" duration-ms="4819">
    <groups>
    </groups>
    <test started-at="2023-05-17T18:28:41 IST" name="Default test" finished-at="2023-05-17T18:28:46 IST" duration-ms="4819">
      <class name="testCases.VerifyURLLaunching">
        <test-method is-config="true" signature="launchBrowser()[pri:0, instance:testCases.VerifyURLLaunching@2ed2d9cb]" started-at="2023-05-17T18:28:41 IST" name="launchBrowser" finished-at="2023-05-17T18:28:46 IST" duration-ms="4433" status="PASS">
          <reporter-output>
          </reporter-output>
        </test-method> <!-- launchBrowser -->
        <test-method signature="openBrowser()[pri:0, instance:testCases.VerifyURLLaunching@2ed2d9cb]" started-at="2023-05-17T18:28:46 IST" name="openBrowser" finished-at="2023-05-17T18:28:46 IST" duration-ms="39" status="PASS">
          <reporter-output>
          </reporter-output>
        </test-method> <!-- openBrowser -->
        <test-method is-config="true" signature="closeBrowser()[pri:0, instance:testCases.VerifyURLLaunching@2ed2d9cb]" started-at="2023-05-17T18:28:46 IST" name="closeBrowser" finished-at="2023-05-17T18:28:46 IST" duration-ms="274" status="PASS">
          <reporter-output>
          </reporter-output>
        </test-method> <!-- closeBrowser -->
      </class> <!-- testCases.VerifyURLLaunching -->
    </test> <!-- Default test -->
  </suite> <!-- Default suite -->
</testng-results>
